<?xml version="1.0" encoding="UTF-8" ?>
<testsuites disabled="0" errors="0" failures="0" tests="2" time="0.006">
 <testsuite name="Check function: getAssetsPath()" timestamp="2018-12-12T22:19:01" hostname="localhost" time="0.006" errors="0" tests="2" skipped="0" disabled="0" failures="0">
  <testcase classname="Check function: getAssetsPath()" name="value is custom &apos;assets&apos;" time="0.004" />
  <testcase classname="Check function: getAssetsPath()" name="value is &apos;&apos;" time="0.001" />
 </testsuite>
</testsuites>