<?xml version="1.0" encoding="UTF-8" ?>
<testsuites disabled="0" errors="0" failures="0" tests="1" time="0.002">
 <testsuite name="ArrayList Multimap: containsEntry()" timestamp="2018-12-11T21:15:03" hostname="localhost" time="0.002" errors="0" tests="1" skipped="0" disabled="0" failures="0">
  <testcase classname="ArrayList Multimap: containsEntry()" name="contains a entry with key &apos;one&apos; and value &apos;1&apos;" time="0.001" />
 </testsuite>
</testsuites>