<?xml version="1.0" encoding="UTF-8" ?>
<testsuites disabled="0" errors="0" failures="0" tests="5" time="0.007">
 <testsuite name="Check function: isEmptyNullUndefined()" timestamp="2018-12-12T22:00:56" hostname="localhost" time="0.007" errors="0" tests="5" skipped="0" disabled="0" failures="0">
  <testcase classname="Check function: isEmptyNullUndefined()" name="value is &apos;&apos;" time="0.001" />
  <testcase classname="Check function: isEmptyNullUndefined()" name="value is &apos;null&apos;" time="0.001" />
  <testcase classname="Check function: isEmptyNullUndefined()" name="value is &apos;string&apos;" time="0.001" />
  <testcase classname="Check function: isEmptyNullUndefined()" name="value is &apos;number&apos;" time="0" />
  <testcase classname="Check function: isEmptyNullUndefined()" name="value is &apos;undefined&apos;" time="0.001" />
 </testsuite>
</testsuites>