<?xml version="1.0" encoding="UTF-8" ?>
<testsuites disabled="0" errors="0" failures="0" tests="5" time="0.188">
 <testsuite name="Check function: isEmptyNullUndefined()" timestamp="2018-12-11T21:17:03" hostname="localhost" time="0.188" errors="0" tests="5" skipped="0" disabled="0" failures="0">
  <testcase classname="Check function: isEmptyNullUndefined()" name="value is `string`" time="0.077" />
  <testcase classname="Check function: isEmptyNullUndefined()" name="value is ``" time="0.001" />
  <testcase classname="Check function: isEmptyNullUndefined()" name="value is `null`" time="0.001" />
  <testcase classname="Check function: isEmptyNullUndefined()" name="value is `undefined`" time="0.028" />
  <testcase classname="Check function: isEmptyNullUndefined()" name="value is `number`" time="0.077" />
 </testsuite>
</testsuites>