<?xml version="1.0" encoding="UTF-8" ?>
<testsuites disabled="0" errors="0" failures="0" tests="1" time="0.032">
 <testsuite name="ArrayList Multimap: containsValue()" timestamp="2018-12-11T21:15:03" hostname="localhost" time="0.032" errors="0" tests="1" skipped="0" disabled="0" failures="0">
  <testcase classname="ArrayList Multimap: containsValue()" name="contains a value named &apos;1&apos;" time="0.007" />
 </testsuite>
</testsuites>